[p.w3layouts.com/demos/new_fashions/web/index.html]
[backblue.gif]
[fade.gif]
[index.html]
[p.w3layouts.com/demos/new_fashions/web/css/bootstrap.css]
[p.w3layouts.com/demos/new_fashions/web/css/style.css]
[p.w3layouts.com/demos/new_fashions/web/css/component.css]
[p.w3layouts.com/demos/new_fashions/web/js/jquery.min.js]
[p.w3layouts.com/demos/new_fashions/web/js/simpleCart.min.js]
[p.w3layouts.com/demos/new_fashions/web/css/megamenu.css]
[ajax.googleapis.com/ajax/libs/jquery/1.10.2/jquery.min.js]
[p.w3layouts.com/demos/new_fashions/web/js/megamenu.js]
[vdo.ai/core/w3layouts/vdo.ai.js]
[www.google-analytics.com/analytics.js]
[m.servedby-buysellads.com/monetization.js]
[p.w3layouts.com/demos/new_fashions/web/login.html]
[p.w3layouts.com/demos/new_fashions/web/cart.html]
[p.w3layouts.com/demos/new_fashions/web/images/cart.png]
[p.w3layouts.com/demos/new_fashions/web/products.html]
[p.w3layouts.com/demos/new_fashions/web/men.html]
[p.w3layouts.com/demos/new_fashions/web/about.html]
[p.w3layouts.com/demos/new_fashions/web/blog.html]
[p.w3layouts.com/demos/new_fashions/web/shop.html]
[p.w3layouts.com/demos/new_fashions/web/single.html]
[p.w3layouts.com/demos/new_fashions/web/images/bs1.jpg]
[p.w3layouts.com/demos/new_fashions/web/images/bs2.jpg]
[p.w3layouts.com/demos/new_fashions/web/images/bs3.jpg]
[p.w3layouts.com/demos/new_fashions/web/images/bs4.jpg]
[p.w3layouts.com/demos/new_fashions/web/images/bs5.jpg]
[p.w3layouts.com/demos/new_fashions/web/images/bs6.jpg]
[p.w3layouts.com/demos/new_fashions/web/images/c1.jpg]
[p.w3layouts.com/demos/new_fashions/web/images/c2.jpg]
[p.w3layouts.com/demos/new_fashions/web/images/c3.jpg]
[p.w3layouts.com/demos/new_fashions/web/images/c4.jpg]
[p.w3layouts.com/demos/new_fashions/web/images/c5.jpg]
[p.w3layouts.com/demos/new_fashions/web/images/c6.jpg]
[p.w3layouts.com/demos/new_fashions/web/index.html]
[p.w3layouts.com/demos/new_fashions/web/contact.html]
[p.w3layouts.com/demos/new_fashions/web/fonts/glyphicons-halflings-regular.22.delayed]
[p.w3layouts.com/demos/new_fashions/web/fonts/glyphicons-halflings-regulard41d.eot]
[p.w3layouts.com/demos/new_fashions/web/fonts/glyphicons-halflings-regular.woff]
[p.w3layouts.com/demos/new_fashions/web/fonts/glyphicons-halflings-regular.ttf]
[p.w3layouts.com/demos/new_fashions/web/fonts/glyphicons-halflings-regular.svg]
[p.w3layouts.com/demos/new_fashions/web/images/pagenate.png]
[p.w3layouts.com/demos/new_fashions/web/css/bootstrap.css]
[p.w3layouts.com/demos/new_fashions/web/images/banner33.jpg]
[p.w3layouts.com/demos/new_fashions/web/images/img-sprite.png]
[p.w3layouts.com/demos/new_fashions/web/images/bg1.jpg]
[p.w3layouts.com/demos/new_fashions/web/images/bg2.jpg]
[p.w3layouts.com/demos/new_fashions/web/images/bg3.jpg]
[p.w3layouts.com/demos/new_fashions/web/images/banner2.jpg]
[p.w3layouts.com/demos/new_fashions/web/images/social.png]
[p.w3layouts.com/demos/new_fashions/web/images/arw.png]
[p.w3layouts.com/demos/new_fashions/web/images/p_minus.png]
[p.w3layouts.com/demos/new_fashions/web/images/p_plus.png]
[p.w3layouts.com/demos/new_fashions/web/images/close.png]
[p.w3layouts.com/demos/new_fashions/web/images/icon2.png]
[p.w3layouts.com/demos/new_fashions/web/css/style.css]
[p.w3layouts.com/demos/new_fashions/web/css/component.css]
[p.w3layouts.com/demos/new_fashions/web/css/megamenu.css]
[p.w3layouts.com/demos/new_fashions/web/login.html]
[p.w3layouts.com/demos/new_fashions/web/registration.html]
[p.w3layouts.com/demos/new_fashions/web/images/pic-2.jpg]
[p.w3layouts.com/demos/new_fashions/web/images/pic-1.jpg]
[p.w3layouts.com/demos/new_fashions/web/cart.html]
[p.w3layouts.com/demos/new_fashions/web/css/form.css]
[p.w3layouts.com/demos/new_fashions/web/js/jquery.easydropdown.js]
[p.w3layouts.com/demos/new_fashions/web/images/ab2.jpg]
[p.w3layouts.com/demos/new_fashions/web/images/ab6.jpg]
[p.w3layouts.com/demos/new_fashions/web/images/ab4.jpg]
[p.w3layouts.com/demos/new_fashions/web/images/do.png]
[p.w3layouts.com/demos/new_fashions/web/products.html]
[p.w3layouts.com/demos/new_fashions/web/images/m3.jpg]
[p.w3layouts.com/demos/new_fashions/web/images/m2.jpg]
[p.w3layouts.com/demos/new_fashions/web/images/m6.jpg]
[p.w3layouts.com/demos/new_fashions/web/images/m5.jpg]
[p.w3layouts.com/demos/new_fashions/web/images/m4.jpg]
[p.w3layouts.com/demos/new_fashions/web/images/m1.jpg]
[p.w3layouts.com/demos/new_fashions/web/men.html]
[p.w3layouts.com/demos/new_fashions/web/images/a1.jpg]
[p.w3layouts.com/demos/new_fashions/web/blog-single.html]
[p.w3layouts.com/demos/new_fashions/web/images/ab1.jpg]
[p.w3layouts.com/demos/new_fashions/web/images/ab3.jpg]
[p.w3layouts.com/demos/new_fashions/web/images/ab5.jpg]
[p.w3layouts.com/demos/new_fashions/web/images/ab7.jpg]
[p.w3layouts.com/demos/new_fashions/web/images/ab8.jpg]
[p.w3layouts.com/demos/new_fashions/web/about.html]
[p.w3layouts.com/demos/new_fashions/web/pblog.html]
[p.w3layouts.com/demos/new_fashions/web/images/b1.jpg]
[p.w3layouts.com/demos/new_fashions/web/images/b2.jpg]
[p.w3layouts.com/demos/new_fashions/web/images/b3.jpg]
[p.w3layouts.com/demos/new_fashions/web/images/b4.jpg]
[p.w3layouts.com/demos/new_fashions/web/blog.html]
[p.w3layouts.com/demos/new_fashions/web/shop.html]
[p.w3layouts.com/demos/new_fashions/web/js/imagezoom.js]
[p.w3layouts.com/demos/new_fashions/web/js/jquery.flexslider.js]
[p.w3layouts.com/demos/new_fashions/web/css/flexslider.css]
[p.w3layouts.com/demos/new_fashions/web/images/s1.jpg]
[p.w3layouts.com/demos/new_fashions/web/images/s2.jpg]
[p.w3layouts.com/demos/new_fashions/web/images/s3.jpg]
[p.w3layouts.com/demos/new_fashions/web/images/s4.jpg]
[p.w3layouts.com/demos/new_fashions/web/single.html]
[p.w3layouts.com/demos/new_fashions/web/mail-to_ info@example.com]
[p.w3layouts.com/demos/new_fashions/web/contact.html]
[p.w3layouts.com/demos/new_fashions/web/fonts/glyphicons-halflings-regular.html]
[p.w3layouts.com/demos/new_fashions/web/fonts/glyphicons-halflings-regulard41d.html]
[p.w3layouts.com/demos/new_fashions/web/fonts/glyphicons-halflings-regular-2.html]
[p.w3layouts.com/demos/new_fashions/web/fonts/glyphicons-halflings-regular-3.html]
[p.w3layouts.com/demos/new_fashions/web/fonts/glyphicons-halflings-regular-4.html]
[p.w3layouts.com/demos/new_fashions/web/images/pagenate.html]
[p.w3layouts.com/demos/new_fashions/web/images/img-sprite.html]
[p.w3layouts.com/demos/new_fashions/web/images/icon2.html]
[p.w3layouts.com/demos/new_fashions/web/registration.html]
[p.w3layouts.com/demos/new_fashions/web/images/b-arrow.png]
[p.w3layouts.com/demos/new_fashions/web/css/form.css]
[p.w3layouts.com/demos/new_fashions/web/images/banner3.jpg]
[p.w3layouts.com/demos/new_fashions/web/images/avatar.jpg]
[p.w3layouts.com/demos/new_fashions/web/blog-single.html]
[p.w3layouts.com/demos/new_fashions/web/pblog.html]
[cdn.fancybar.net/ac/fancybar6a2f.js]
[p.w3layouts.com/demos/new_fashions/web/fonts/webfont/flexslider-icon.eot]
[p.w3layouts.com/demos/new_fashions/web/fonts/webfonts/flexslider-icond41d.eot]
[p.w3layouts.com/demos/new_fashions/web/fonts/webfonts/flexslider-icon.woff]
[p.w3layouts.com/demos/new_fashions/web/fonts/webfonts/flexslider-icon.ttf]
[p.w3layouts.com/demos/new_fashions/web/fonts/webfonts/flexslider-icon.svg]
[p.w3layouts.com/demos/new_fashions/web/images/left.png]
[p.w3layouts.com/demos/new_fashions/web/images/right.png]
[p.w3layouts.com/demos/new_fashions/web/css/flexslider.css]
[p.w3layouts.com/demos/new_fashions/web/mail-to_ info@example.html]
[p.w3layouts.com/demos/new_fashions/web/fonts/webfont/flexslider-icon.html]
[p.w3layouts.com/demos/new_fashions/web/fonts/webfonts/flexslider-icond41d.html]
[p.w3layouts.com/demos/new_fashions/web/fonts/webfonts/flexslider-icon.html]
[p.w3layouts.com/demos/new_fashions/web/fonts/webfonts/flexslider-icon-2.html]
[p.w3layouts.com/demos/new_fashions/web/fonts/webfonts/flexslider-icon-3.html]
[p.w3layouts.com/demos/new_fashions/web/images/s4.jpg]
